{"/Users/sauravkumar/Scooter And rental/bike-scooter-rental-system/backend/app.js": {"path":"/Users/sauravkumar/Scooter And rental/bike-scooter-rental-system/backend/app.js","statementMap":{"0":{"start":{"line":1,"column":16},"end":{"line":1,"column":34}},"1":{"start":{"line":2,"column":13},"end":{"line":2,"column":28}},"2":{"start":{"line":3,"column":19},"end":{"line":3,"column":49}},"3":{"start":{"line":4,"column":22},"end":{"line":4,"column":55}},"4":{"start":{"line":5,"column":22},"end":{"line":5,"column":55}},"5":{"start":{"line":6,"column":22},"end":{"line":6,"column":55}},"6":{"start":{"line":7,"column":19},"end":{"line":7,"column":49}},"7":{"start":{"line":8,"column":22},"end":{"line":8,"column":55}},"8":{"start":{"line":10,"column":12},"end":{"line":10,"column":21}},"9":{"start":{"line":12,"column":0},"end":{"line":12,"column":16}},"10":{"start":{"line":13,"column":0},"end":{"line":13,"column":24}},"11":{"start":{"line":16,"column":0},"end":{"line":18,"column":1}},"12":{"start":{"line":17,"column":4},"end":{"line":17,"column":39}},"13":{"start":{"line":21,"column":0},"end":{"line":21,"column":34}},"14":{"start":{"line":22,"column":0},"end":{"line":22,"column":40}},"15":{"start":{"line":23,"column":0},"end":{"line":23,"column":40}},"16":{"start":{"line":24,"column":0},"end":{"line":24,"column":40}},"17":{"start":{"line":25,"column":0},"end":{"line":25,"column":34}},"18":{"start":{"line":26,"column":0},"end":{"line":26,"column":39}},"19":{"start":{"line":28,"column":0},"end":{"line":30,"column":3}},"20":{"start":{"line":29,"column":4},"end":{"line":29,"column":66}},"21":{"start":{"line":32,"column":0},"end":{"line":32,"column":21}}},"fnMap":{"0":{"name":"(anonymous_0)","decl":{"start":{"line":17,"column":26},"end":{"line":17,"column":27}},"loc":{"start":{"line":17,"column":32},"end":{"line":17,"column":35}},"line":17},"1":{"name":"(anonymous_1)","decl":{"start":{"line":28,"column":13},"end":{"line":28,"column":14}},"loc":{"start":{"line":28,"column":27},"end":{"line":30,"column":1}},"line":28}},"branchMap":{"0":{"loc":{"start":{"line":16,"column":0},"end":{"line":18,"column":1}},"type":"if","locations":[{"start":{"line":16,"column":0},"end":{"line":18,"column":1}},{"start":{},"end":{}}],"line":16}},"s":{"0":1,"1":1,"2":1,"3":1,"4":1,"5":1,"6":1,"7":1,"8":1,"9":1,"10":1,"11":1,"12":1,"13":1,"14":1,"15":1,"16":1,"17":1,"18":1,"19":1,"20":1,"21":1},"f":{"0":2,"1":1},"b":{"0":[1,0]},"_coverageSchema":"1a1c01bbd47fc00a2c39e90264f33305004495a9","hash":"097a4f2b20b4f05be8621562fe43dae4f5544bb1"}
,"/Users/sauravkumar/Scooter And rental/bike-scooter-rental-system/backend/controllers/bookingController.js": {"path":"/Users/sauravkumar/Scooter And rental/bike-scooter-rental-system/backend/controllers/bookingController.js","statementMap":{"0":{"start":{"line":1,"column":16},"end":{"line":1,"column":44}},"1":{"start":{"line":2,"column":16},"end":{"line":2,"column":44}},"2":{"start":{"line":5,"column":22},"end":{"line":38,"column":1}},"3":{"start":{"line":6,"column":2},"end":{"line":37,"column":3}},"4":{"start":{"line":7,"column":47},"end":{"line":7,"column":55}},"5":{"start":{"line":8,"column":20},"end":{"line":8,"column":53}},"6":{"start":{"line":9,"column":4},"end":{"line":9,"column":76}},"7":{"start":{"line":9,"column":18},"end":{"line":9,"column":76}},"8":{"start":{"line":10,"column":4},"end":{"line":10,"column":92}},"9":{"start":{"line":10,"column":40},"end":{"line":10,"column":92}},"10":{"start":{"line":12,"column":20},"end":{"line":18,"column":6}},"11":{"start":{"line":19,"column":4},"end":{"line":19,"column":25}},"12":{"start":{"line":21,"column":4},"end":{"line":21,"column":30}},"13":{"start":{"line":22,"column":4},"end":{"line":22,"column":25}},"14":{"start":{"line":25,"column":15},"end":{"line":25,"column":32}},"15":{"start":{"line":26,"column":4},"end":{"line":32,"column":5}},"16":{"start":{"line":27,"column":6},"end":{"line":31,"column":9}},"17":{"start":{"line":34,"column":4},"end":{"line":34,"column":34}},"18":{"start":{"line":36,"column":4},"end":{"line":36,"column":47}},"19":{"start":{"line":41,"column":22},"end":{"line":68,"column":1}},"20":{"start":{"line":42,"column":2},"end":{"line":67,"column":3}},"21":{"start":{"line":43,"column":20},"end":{"line":43,"column":57}},"22":{"start":{"line":44,"column":4},"end":{"line":44,"column":76}},"23":{"start":{"line":44,"column":18},"end":{"line":44,"column":76}},"24":{"start":{"line":45,"column":4},"end":{"line":45,"column":102}},"25":{"start":{"line":45,"column":49},"end":{"line":45,"column":102}},"26":{"start":{"line":47,"column":4},"end":{"line":47,"column":33}},"27":{"start":{"line":48,"column":4},"end":{"line":48,"column":25}},"28":{"start":{"line":50,"column":20},"end":{"line":50,"column":59}},"29":{"start":{"line":51,"column":4},"end":{"line":51,"column":33}},"30":{"start":{"line":52,"column":4},"end":{"line":52,"column":25}},"31":{"start":{"line":55,"column":15},"end":{"line":55,"column":32}},"32":{"start":{"line":56,"column":4},"end":{"line":62,"column":5}},"33":{"start":{"line":57,"column":6},"end":{"line":61,"column":9}},"34":{"start":{"line":64,"column":4},"end":{"line":64,"column":22}},"35":{"start":{"line":66,"column":4},"end":{"line":66,"column":47}},"36":{"start":{"line":71,"column":24},"end":{"line":78,"column":1}},"37":{"start":{"line":72,"column":2},"end":{"line":77,"column":3}},"38":{"start":{"line":73,"column":21},"end":{"line":73,"column":82}},"39":{"start":{"line":74,"column":4},"end":{"line":74,"column":23}},"40":{"start":{"line":76,"column":4},"end":{"line":76,"column":47}},"41":{"start":{"line":80,"column":0},"end":{"line":80,"column":67}}},"fnMap":{"0":{"name":"(anonymous_0)","decl":{"start":{"line":5,"column":22},"end":{"line":5,"column":23}},"loc":{"start":{"line":5,"column":42},"end":{"line":38,"column":1}},"line":5},"1":{"name":"(anonymous_1)","decl":{"start":{"line":41,"column":22},"end":{"line":41,"column":23}},"loc":{"start":{"line":41,"column":42},"end":{"line":68,"column":1}},"line":41},"2":{"name":"(anonymous_2)","decl":{"start":{"line":71,"column":24},"end":{"line":71,"column":25}},"loc":{"start":{"line":71,"column":44},"end":{"line":78,"column":1}},"line":71}},"branchMap":{"0":{"loc":{"start":{"line":9,"column":4},"end":{"line":9,"column":76}},"type":"if","locations":[{"start":{"line":9,"column":4},"end":{"line":9,"column":76}},{"start":{},"end":{}}],"line":9},"1":{"loc":{"start":{"line":10,"column":4},"end":{"line":10,"column":92}},"type":"if","locations":[{"start":{"line":10,"column":4},"end":{"line":10,"column":92}},{"start":{},"end":{}}],"line":10},"2":{"loc":{"start":{"line":26,"column":4},"end":{"line":32,"column":5}},"type":"if","locations":[{"start":{"line":26,"column":4},"end":{"line":32,"column":5}},{"start":{},"end":{}}],"line":26},"3":{"loc":{"start":{"line":44,"column":4},"end":{"line":44,"column":76}},"type":"if","locations":[{"start":{"line":44,"column":4},"end":{"line":44,"column":76}},{"start":{},"end":{}}],"line":44},"4":{"loc":{"start":{"line":45,"column":4},"end":{"line":45,"column":102}},"type":"if","locations":[{"start":{"line":45,"column":4},"end":{"line":45,"column":102}},{"start":{},"end":{}}],"line":45},"5":{"loc":{"start":{"line":56,"column":4},"end":{"line":62,"column":5}},"type":"if","locations":[{"start":{"line":56,"column":4},"end":{"line":62,"column":5}},{"start":{},"end":{}}],"line":56}},"s":{"0":1,"1":1,"2":1,"3":2,"4":2,"5":2,"6":2,"7":0,"8":2,"9":1,"10":1,"11":1,"12":1,"13":1,"14":1,"15":1,"16":1,"17":1,"18":0,"19":1,"20":1,"21":1,"22":1,"23":0,"24":1,"25":0,"26":1,"27":1,"28":1,"29":1,"30":1,"31":1,"32":1,"33":1,"34":1,"35":0,"36":1,"37":1,"38":1,"39":1,"40":0,"41":1},"f":{"0":2,"1":1,"2":1},"b":{"0":[0,2],"1":[1,1],"2":[1,0],"3":[0,1],"4":[0,1],"5":[1,0]},"_coverageSchema":"1a1c01bbd47fc00a2c39e90264f33305004495a9","hash":"d5a442f8dd0b80b49f9615a625301dcf965e5201"}
,"/Users/sauravkumar/Scooter And rental/bike-scooter-rental-system/backend/controllers/chatbotController.js": {"path":"/Users/sauravkumar/Scooter And rental/bike-scooter-rental-system/backend/controllers/chatbotController.js","statementMap":{"0":{"start":{"line":1,"column":16},"end":{"line":1,"column":44}},"1":{"start":{"line":4,"column":22},"end":{"line":45,"column":1}},"2":{"start":{"line":48,"column":21},"end":{"line":59,"column":1}},"3":{"start":{"line":49,"column":21},"end":{"line":49,"column":49}},"4":{"start":{"line":51,"column":4},"end":{"line":57,"column":5}},"5":{"start":{"line":52,"column":8},"end":{"line":56,"column":9}},"6":{"start":{"line":53,"column":12},"end":{"line":55,"column":13}},"7":{"start":{"line":54,"column":16},"end":{"line":54,"column":32}},"8":{"start":{"line":58,"column":4},"end":{"line":58,"column":16}},"9":{"start":{"line":62,"column":32},"end":{"line":80,"column":1}},"10":{"start":{"line":63,"column":4},"end":{"line":79,"column":5}},"11":{"start":{"line":64,"column":26},"end":{"line":64,"column":69}},"12":{"start":{"line":65,"column":22},"end":{"line":65,"column":62}},"13":{"start":{"line":66,"column":22},"end":{"line":66,"column":52}},"14":{"start":{"line":68,"column":8},"end":{"line":70,"column":9}},"15":{"start":{"line":69,"column":12},"end":{"line":69,"column":249}},"16":{"start":{"line":72,"column":26},"end":{"line":74,"column":20}},"17":{"start":{"line":73,"column":12},"end":{"line":73,"column":80}},"18":{"start":{"line":76,"column":8},"end":{"line":76,"column":265}},"19":{"start":{"line":78,"column":8},"end":{"line":78,"column":140}},"20":{"start":{"line":83,"column":25},"end":{"line":83,"column":430}},"21":{"start":{"line":86,"column":19},"end":{"line":116,"column":1}},"22":{"start":{"line":87,"column":4},"end":{"line":115,"column":5}},"23":{"start":{"line":88,"column":28},"end":{"line":88,"column":36}},"24":{"start":{"line":90,"column":8},"end":{"line":94,"column":9}},"25":{"start":{"line":91,"column":12},"end":{"line":93,"column":15}},"26":{"start":{"line":96,"column":25},"end":{"line":96,"column":46}},"27":{"start":{"line":98,"column":8},"end":{"line":100,"column":9}},"28":{"start":{"line":99,"column":12},"end":{"line":99,"column":57}},"29":{"start":{"line":103,"column":8},"end":{"line":106,"column":9}},"30":{"start":{"line":104,"column":26},"end":{"line":104,"column":57}},"31":{"start":{"line":105,"column":12},"end":{"line":105,"column":39}},"32":{"start":{"line":109,"column":8},"end":{"line":109,"column":69}},"33":{"start":{"line":111,"column":8},"end":{"line":111,"column":45}},"34":{"start":{"line":112,"column":8},"end":{"line":114,"column":11}},"35":{"start":{"line":118,"column":0},"end":{"line":118,"column":32}}},"fnMap":{"0":{"name":"(anonymous_0)","decl":{"start":{"line":48,"column":21},"end":{"line":48,"column":22}},"loc":{"start":{"line":48,"column":34},"end":{"line":59,"column":1}},"line":48},"1":{"name":"(anonymous_1)","decl":{"start":{"line":62,"column":32},"end":{"line":62,"column":33}},"loc":{"start":{"line":62,"column":44},"end":{"line":80,"column":1}},"line":62},"2":{"name":"(anonymous_2)","decl":{"start":{"line":72,"column":40},"end":{"line":72,"column":41}},"loc":{"start":{"line":73,"column":12},"end":{"line":73,"column":80}},"line":73},"3":{"name":"(anonymous_3)","decl":{"start":{"line":86,"column":19},"end":{"line":86,"column":20}},"loc":{"start":{"line":86,"column":39},"end":{"line":116,"column":1}},"line":86}},"branchMap":{"0":{"loc":{"start":{"line":53,"column":12},"end":{"line":55,"column":13}},"type":"if","locations":[{"start":{"line":53,"column":12},"end":{"line":55,"column":13}},{"start":{},"end":{}}],"line":53},"1":{"loc":{"start":{"line":68,"column":8},"end":{"line":70,"column":9}},"type":"if","locations":[{"start":{"line":68,"column":8},"end":{"line":70,"column":9}},{"start":{},"end":{}}],"line":68},"2":{"loc":{"start":{"line":90,"column":8},"end":{"line":94,"column":9}},"type":"if","locations":[{"start":{"line":90,"column":8},"end":{"line":94,"column":9}},{"start":{},"end":{}}],"line":90},"3":{"loc":{"start":{"line":90,"column":12},"end":{"line":90,"column":45}},"type":"binary-expr","locations":[{"start":{"line":90,"column":12},"end":{"line":90,"column":20}},{"start":{"line":90,"column":24},"end":{"line":90,"column":45}}],"line":90},"4":{"loc":{"start":{"line":98,"column":8},"end":{"line":100,"column":9}},"type":"if","locations":[{"start":{"line":98,"column":8},"end":{"line":100,"column":9}},{"start":{},"end":{}}],"line":98},"5":{"loc":{"start":{"line":103,"column":8},"end":{"line":106,"column":9}},"type":"if","locations":[{"start":{"line":103,"column":8},"end":{"line":106,"column":9}},{"start":{},"end":{}}],"line":103}},"s":{"0":1,"1":1,"2":1,"3":7,"4":7,"5":34,"6":286,"7":6,"8":1,"9":1,"10":1,"11":1,"12":1,"13":1,"14":1,"15":0,"16":1,"17":1,"18":1,"19":0,"20":1,"21":1,"22":8,"23":8,"24":8,"25":1,"26":7,"27":7,"28":1,"29":6,"30":1,"31":1,"32":5,"33":0,"34":0,"35":1},"f":{"0":7,"1":1,"2":1,"3":8},"b":{"0":[6,280],"1":[0,1],"2":[1,7],"3":[8,7],"4":[1,6],"5":[1,5]},"_coverageSchema":"1a1c01bbd47fc00a2c39e90264f33305004495a9","hash":"2bb2e0a531a05afa264c162bfd2dfbc43a69702e"}
,"/Users/sauravkumar/Scooter And rental/bike-scooter-rental-system/backend/controllers/paymentController.js": {"path":"/Users/sauravkumar/Scooter And rental/bike-scooter-rental-system/backend/controllers/paymentController.js","statementMap":{"0":{"start":{"line":1,"column":16},"end":{"line":1,"column":44}},"1":{"start":{"line":2,"column":17},"end":{"line":2,"column":36}},"2":{"start":{"line":3,"column":21},"end":{"line":3,"column":53}},"3":{"start":{"line":4,"column":15},"end":{"line":4,"column":32}},"4":{"start":{"line":7,"column":20},"end":{"line":38,"column":1}},"5":{"start":{"line":8,"column":24},"end":{"line":8,"column":34}},"6":{"start":{"line":9,"column":2},"end":{"line":37,"column":3}},"7":{"start":{"line":11,"column":4},"end":{"line":11,"column":65}},"8":{"start":{"line":12,"column":16},"end":{"line":15,"column":6}},"9":{"start":{"line":17,"column":20},"end":{"line":17,"column":53}},"10":{"start":{"line":18,"column":4},"end":{"line":18,"column":63}},"11":{"start":{"line":18,"column":18},"end":{"line":18,"column":63}},"12":{"start":{"line":19,"column":4},"end":{"line":19,"column":89}},"13":{"start":{"line":19,"column":49},"end":{"line":19,"column":89}},"14":{"start":{"line":20,"column":4},"end":{"line":20,"column":82}},"15":{"start":{"line":20,"column":42},"end":{"line":20,"column":82}},"16":{"start":{"line":21,"column":4},"end":{"line":21,"column":90}},"17":{"start":{"line":21,"column":27},"end":{"line":21,"column":90}},"18":{"start":{"line":23,"column":20},"end":{"line":27,"column":5}},"19":{"start":{"line":29,"column":18},"end":{"line":29,"column":50}},"20":{"start":{"line":30,"column":4},"end":{"line":30,"column":33}},"21":{"start":{"line":31,"column":4},"end":{"line":31,"column":25}},"22":{"start":{"line":33,"column":4},"end":{"line":33,"column":58}},"23":{"start":{"line":35,"column":4},"end":{"line":35,"column":46}},"24":{"start":{"line":36,"column":4},"end":{"line":36,"column":41}},"25":{"start":{"line":41,"column":22},"end":{"line":65,"column":1}},"26":{"start":{"line":42,"column":24},"end":{"line":42,"column":34}},"27":{"start":{"line":43,"column":73},"end":{"line":43,"column":81}},"28":{"start":{"line":45,"column":2},"end":{"line":64,"column":3}},"29":{"start":{"line":46,"column":20},"end":{"line":46,"column":53}},"30":{"start":{"line":47,"column":4},"end":{"line":47,"column":63}},"31":{"start":{"line":47,"column":18},"end":{"line":47,"column":63}},"32":{"start":{"line":49,"column":17},"end":{"line":49,"column":77}},"33":{"start":{"line":50,"column":4},"end":{"line":50,"column":63}},"34":{"start":{"line":51,"column":32},"end":{"line":51,"column":50}},"35":{"start":{"line":53,"column":4},"end":{"line":55,"column":5}},"36":{"start":{"line":54,"column":6},"end":{"line":54,"column":51}},"37":{"start":{"line":57,"column":4},"end":{"line":57,"column":35}},"38":{"start":{"line":58,"column":4},"end":{"line":58,"column":25}},"39":{"start":{"line":60,"column":4},"end":{"line":60,"column":51}},"40":{"start":{"line":62,"column":4},"end":{"line":62,"column":48}},"41":{"start":{"line":63,"column":4},"end":{"line":63,"column":41}},"42":{"start":{"line":67,"column":0},"end":{"line":67,"column":48}}},"fnMap":{"0":{"name":"(anonymous_0)","decl":{"start":{"line":7,"column":20},"end":{"line":7,"column":21}},"loc":{"start":{"line":7,"column":40},"end":{"line":38,"column":1}},"line":7},"1":{"name":"(anonymous_1)","decl":{"start":{"line":41,"column":22},"end":{"line":41,"column":23}},"loc":{"start":{"line":41,"column":42},"end":{"line":65,"column":1}},"line":41}},"branchMap":{"0":{"loc":{"start":{"line":18,"column":4},"end":{"line":18,"column":63}},"type":"if","locations":[{"start":{"line":18,"column":4},"end":{"line":18,"column":63}},{"start":{},"end":{}}],"line":18},"1":{"loc":{"start":{"line":19,"column":4},"end":{"line":19,"column":89}},"type":"if","locations":[{"start":{"line":19,"column":4},"end":{"line":19,"column":89}},{"start":{},"end":{}}],"line":19},"2":{"loc":{"start":{"line":20,"column":4},"end":{"line":20,"column":82}},"type":"if","locations":[{"start":{"line":20,"column":4},"end":{"line":20,"column":82}},{"start":{},"end":{}}],"line":20},"3":{"loc":{"start":{"line":21,"column":4},"end":{"line":21,"column":90}},"type":"if","locations":[{"start":{"line":21,"column":4},"end":{"line":21,"column":90}},{"start":{},"end":{}}],"line":21},"4":{"loc":{"start":{"line":47,"column":4},"end":{"line":47,"column":63}},"type":"if","locations":[{"start":{"line":47,"column":4},"end":{"line":47,"column":63}},{"start":{},"end":{}}],"line":47},"5":{"loc":{"start":{"line":53,"column":4},"end":{"line":55,"column":5}},"type":"if","locations":[{"start":{"line":53,"column":4},"end":{"line":55,"column":5}},{"start":{},"end":{}}],"line":53}},"s":{"0":1,"1":1,"2":1,"3":1,"4":1,"5":0,"6":0,"7":0,"8":0,"9":0,"10":0,"11":0,"12":0,"13":0,"14":0,"15":0,"16":0,"17":0,"18":0,"19":0,"20":0,"21":0,"22":0,"23":0,"24":0,"25":1,"26":0,"27":0,"28":0,"29":0,"30":0,"31":0,"32":0,"33":0,"34":0,"35":0,"36":0,"37":0,"38":0,"39":0,"40":0,"41":0,"42":1},"f":{"0":0,"1":0},"b":{"0":[0,0],"1":[0,0],"2":[0,0],"3":[0,0],"4":[0,0],"5":[0,0]},"_coverageSchema":"1a1c01bbd47fc00a2c39e90264f33305004495a9","hash":"f202ce7149c488d05ef53782baab5da6340d155f"}
,"/Users/sauravkumar/Scooter And rental/bike-scooter-rental-system/backend/controllers/rideController.js": {"path":"/Users/sauravkumar/Scooter And rental/bike-scooter-rental-system/backend/controllers/rideController.js","statementMap":{"0":{"start":{"line":1,"column":16},"end":{"line":1,"column":44}},"1":{"start":{"line":2,"column":16},"end":{"line":2,"column":44}},"2":{"start":{"line":4,"column":18},"end":{"line":19,"column":1}},"3":{"start":{"line":5,"column":2},"end":{"line":18,"column":3}},"4":{"start":{"line":6,"column":20},"end":{"line":6,"column":57}},"5":{"start":{"line":7,"column":4},"end":{"line":9,"column":5}},"6":{"start":{"line":8,"column":6},"end":{"line":8,"column":54}},"7":{"start":{"line":11,"column":4},"end":{"line":11,"column":30}},"8":{"start":{"line":12,"column":4},"end":{"line":12,"column":35}},"9":{"start":{"line":13,"column":4},"end":{"line":13,"column":25}},"10":{"start":{"line":15,"column":4},"end":{"line":15,"column":22}},"11":{"start":{"line":17,"column":4},"end":{"line":17,"column":47}},"12":{"start":{"line":21,"column":16},"end":{"line":44,"column":1}},"13":{"start":{"line":22,"column":2},"end":{"line":43,"column":3}},"14":{"start":{"line":23,"column":20},"end":{"line":23,"column":57}},"15":{"start":{"line":24,"column":4},"end":{"line":26,"column":5}},"16":{"start":{"line":25,"column":6},"end":{"line":25,"column":54}},"17":{"start":{"line":28,"column":4},"end":{"line":28,"column":33}},"18":{"start":{"line":29,"column":4},"end":{"line":29,"column":33}},"19":{"start":{"line":30,"column":27},"end":{"line":30,"column":72}},"20":{"start":{"line":31,"column":4},"end":{"line":31,"column":38}},"21":{"start":{"line":32,"column":4},"end":{"line":32,"column":40}},"22":{"start":{"line":33,"column":4},"end":{"line":33,"column":25}},"23":{"start":{"line":35,"column":20},"end":{"line":35,"column":59}},"24":{"start":{"line":36,"column":4},"end":{"line":36,"column":33}},"25":{"start":{"line":37,"column":4},"end":{"line":37,"column":26}},"26":{"start":{"line":38,"column":4},"end":{"line":38,"column":25}},"27":{"start":{"line":40,"column":4},"end":{"line":40,"column":22}},"28":{"start":{"line":42,"column":4},"end":{"line":42,"column":47}},"29":{"start":{"line":46,"column":0},"end":{"line":46,"column":40}}},"fnMap":{"0":{"name":"(anonymous_0)","decl":{"start":{"line":4,"column":18},"end":{"line":4,"column":19}},"loc":{"start":{"line":4,"column":38},"end":{"line":19,"column":1}},"line":4},"1":{"name":"(anonymous_1)","decl":{"start":{"line":21,"column":16},"end":{"line":21,"column":17}},"loc":{"start":{"line":21,"column":36},"end":{"line":44,"column":1}},"line":21}},"branchMap":{"0":{"loc":{"start":{"line":7,"column":4},"end":{"line":9,"column":5}},"type":"if","locations":[{"start":{"line":7,"column":4},"end":{"line":9,"column":5}},{"start":{},"end":{}}],"line":7},"1":{"loc":{"start":{"line":7,"column":8},"end":{"line":7,"column":78}},"type":"binary-expr","locations":[{"start":{"line":7,"column":8},"end":{"line":7,"column":47}},{"start":{"line":7,"column":51},"end":{"line":7,"column":78}}],"line":7},"2":{"loc":{"start":{"line":24,"column":4},"end":{"line":26,"column":5}},"type":"if","locations":[{"start":{"line":24,"column":4},"end":{"line":26,"column":5}},{"start":{},"end":{}}],"line":24},"3":{"loc":{"start":{"line":24,"column":8},"end":{"line":24,"column":78}},"type":"binary-expr","locations":[{"start":{"line":24,"column":8},"end":{"line":24,"column":47}},{"start":{"line":24,"column":51},"end":{"line":24,"column":78}}],"line":24}},"s":{"0":1,"1":1,"2":1,"3":0,"4":0,"5":0,"6":0,"7":0,"8":0,"9":0,"10":0,"11":0,"12":1,"13":0,"14":0,"15":0,"16":0,"17":0,"18":0,"19":0,"20":0,"21":0,"22":0,"23":0,"24":0,"25":0,"26":0,"27":0,"28":0,"29":1},"f":{"0":0,"1":0},"b":{"0":[0,0],"1":[0,0],"2":[0,0],"3":[0,0]},"_coverageSchema":"1a1c01bbd47fc00a2c39e90264f33305004495a9","hash":"2fa6b6262b3b614e6a3566b385ce8f7bdacfb025"}
,"/Users/sauravkumar/Scooter And rental/bike-scooter-rental-system/backend/controllers/userController.js": {"path":"/Users/sauravkumar/Scooter And rental/bike-scooter-rental-system/backend/controllers/userController.js","statementMap":{"0":{"start":{"line":1,"column":13},"end":{"line":1,"column":38}},"1":{"start":{"line":2,"column":12},"end":{"line":2,"column":35}},"2":{"start":{"line":5,"column":21},"end":{"line":19,"column":1}},"3":{"start":{"line":6,"column":36},"end":{"line":6,"column":44}},"4":{"start":{"line":7,"column":2},"end":{"line":18,"column":3}},"5":{"start":{"line":8,"column":15},"end":{"line":8,"column":44}},"6":{"start":{"line":9,"column":4},"end":{"line":9,"column":66}},"7":{"start":{"line":9,"column":14},"end":{"line":9,"column":66}},"8":{"start":{"line":11,"column":4},"end":{"line":11,"column":47}},"9":{"start":{"line":12,"column":4},"end":{"line":12,"column":22}},"10":{"start":{"line":14,"column":18},"end":{"line":14,"column":89}},"11":{"start":{"line":15,"column":4},"end":{"line":15,"column":24}},"12":{"start":{"line":17,"column":4},"end":{"line":17,"column":47}},"13":{"start":{"line":22,"column":18},"end":{"line":35,"column":1}},"14":{"start":{"line":23,"column":30},"end":{"line":23,"column":38}},"15":{"start":{"line":24,"column":2},"end":{"line":34,"column":3}},"16":{"start":{"line":25,"column":17},"end":{"line":25,"column":46}},"17":{"start":{"line":26,"column":4},"end":{"line":28,"column":5}},"18":{"start":{"line":27,"column":6},"end":{"line":27,"column":66}},"19":{"start":{"line":30,"column":18},"end":{"line":30,"column":89}},"20":{"start":{"line":31,"column":4},"end":{"line":31,"column":24}},"21":{"start":{"line":33,"column":4},"end":{"line":33,"column":47}},"22":{"start":{"line":38,"column":19},"end":{"line":45,"column":1}},"23":{"start":{"line":39,"column":2},"end":{"line":44,"column":3}},"24":{"start":{"line":40,"column":17},"end":{"line":40,"column":69}},"25":{"start":{"line":41,"column":4},"end":{"line":41,"column":19}},"26":{"start":{"line":43,"column":4},"end":{"line":43,"column":47}},"27":{"start":{"line":47,"column":0},"end":{"line":47,"column":57}}},"fnMap":{"0":{"name":"(anonymous_0)","decl":{"start":{"line":5,"column":21},"end":{"line":5,"column":22}},"loc":{"start":{"line":5,"column":41},"end":{"line":19,"column":1}},"line":5},"1":{"name":"(anonymous_1)","decl":{"start":{"line":22,"column":18},"end":{"line":22,"column":19}},"loc":{"start":{"line":22,"column":38},"end":{"line":35,"column":1}},"line":22},"2":{"name":"(anonymous_2)","decl":{"start":{"line":38,"column":19},"end":{"line":38,"column":20}},"loc":{"start":{"line":38,"column":39},"end":{"line":45,"column":1}},"line":38}},"branchMap":{"0":{"loc":{"start":{"line":9,"column":4},"end":{"line":9,"column":66}},"type":"if","locations":[{"start":{"line":9,"column":4},"end":{"line":9,"column":66}},{"start":{},"end":{}}],"line":9},"1":{"loc":{"start":{"line":26,"column":4},"end":{"line":28,"column":5}},"type":"if","locations":[{"start":{"line":26,"column":4},"end":{"line":28,"column":5}},{"start":{},"end":{}}],"line":26},"2":{"loc":{"start":{"line":26,"column":8},"end":{"line":26,"column":54}},"type":"binary-expr","locations":[{"start":{"line":26,"column":8},"end":{"line":26,"column":13}},{"start":{"line":26,"column":17},"end":{"line":26,"column":54}}],"line":26}},"s":{"0":1,"1":1,"2":1,"3":4,"4":4,"5":4,"6":4,"7":1,"8":3,"9":3,"10":3,"11":3,"12":0,"13":1,"14":3,"15":3,"16":3,"17":3,"18":2,"19":1,"20":1,"21":0,"22":1,"23":1,"24":1,"25":1,"26":0,"27":1},"f":{"0":4,"1":3,"2":1},"b":{"0":[1,3],"1":[2,1],"2":[3,2]},"_coverageSchema":"1a1c01bbd47fc00a2c39e90264f33305004495a9","hash":"aa1efc8b8f1b91941ce5c40ad58d67b64cb922ee"}
,"/Users/sauravkumar/Scooter And rental/bike-scooter-rental-system/backend/controllers/vehicleController.js": {"path":"/Users/sauravkumar/Scooter And rental/bike-scooter-rental-system/backend/controllers/vehicleController.js","statementMap":{"0":{"start":{"line":1,"column":16},"end":{"line":1,"column":44}},"1":{"start":{"line":4,"column":19},"end":{"line":12,"column":1}},"2":{"start":{"line":5,"column":2},"end":{"line":11,"column":3}},"3":{"start":{"line":6,"column":20},"end":{"line":6,"column":41}},"4":{"start":{"line":7,"column":4},"end":{"line":7,"column":25}},"5":{"start":{"line":8,"column":4},"end":{"line":8,"column":34}},"6":{"start":{"line":10,"column":4},"end":{"line":10,"column":47}},"7":{"start":{"line":15,"column":20},"end":{"line":26,"column":1}},"8":{"start":{"line":16,"column":2},"end":{"line":25,"column":3}},"9":{"start":{"line":17,"column":45},"end":{"line":17,"column":54}},"10":{"start":{"line":18,"column":16},"end":{"line":18,"column":39}},"11":{"start":{"line":19,"column":4},"end":{"line":19,"column":71}},"12":{"start":{"line":19,"column":18},"end":{"line":19,"column":71}},"13":{"start":{"line":21,"column":21},"end":{"line":21,"column":46}},"14":{"start":{"line":22,"column":4},"end":{"line":22,"column":23}},"15":{"start":{"line":24,"column":4},"end":{"line":24,"column":47}},"16":{"start":{"line":29,"column":28},"end":{"line":36,"column":1}},"17":{"start":{"line":30,"column":2},"end":{"line":35,"column":3}},"18":{"start":{"line":31,"column":20},"end":{"line":31,"column":91}},"19":{"start":{"line":32,"column":4},"end":{"line":32,"column":22}},"20":{"start":{"line":34,"column":4},"end":{"line":34,"column":47}},"21":{"start":{"line":38,"column":0},"end":{"line":38,"column":66}}},"fnMap":{"0":{"name":"(anonymous_0)","decl":{"start":{"line":4,"column":19},"end":{"line":4,"column":20}},"loc":{"start":{"line":4,"column":39},"end":{"line":12,"column":1}},"line":4},"1":{"name":"(anonymous_1)","decl":{"start":{"line":15,"column":20},"end":{"line":15,"column":21}},"loc":{"start":{"line":15,"column":40},"end":{"line":26,"column":1}},"line":15},"2":{"name":"(anonymous_2)","decl":{"start":{"line":29,"column":28},"end":{"line":29,"column":29}},"loc":{"start":{"line":29,"column":48},"end":{"line":36,"column":1}},"line":29}},"branchMap":{"0":{"loc":{"start":{"line":19,"column":4},"end":{"line":19,"column":71}},"type":"if","locations":[{"start":{"line":19,"column":4},"end":{"line":19,"column":71}},{"start":{},"end":{}}],"line":19}},"s":{"0":1,"1":1,"2":2,"3":2,"4":2,"5":1,"6":1,"7":1,"8":2,"9":2,"10":2,"11":2,"12":1,"13":2,"14":2,"15":0,"16":1,"17":1,"18":1,"19":1,"20":0,"21":1},"f":{"0":2,"1":2,"2":1},"b":{"0":[1,1]},"_coverageSchema":"1a1c01bbd47fc00a2c39e90264f33305004495a9","hash":"c0b0c0e435df4134649baf47b9582e83c6e48cc3"}
,"/Users/sauravkumar/Scooter And rental/bike-scooter-rental-system/backend/middleware/auth.js": {"path":"/Users/sauravkumar/Scooter And rental/bike-scooter-rental-system/backend/middleware/auth.js","statementMap":{"0":{"start":{"line":1,"column":12},"end":{"line":1,"column":35}},"1":{"start":{"line":3,"column":16},"end":{"line":14,"column":1}},"2":{"start":{"line":4,"column":14},"end":{"line":4,"column":54}},"3":{"start":{"line":5,"column":2},"end":{"line":5,"column":63}},"4":{"start":{"line":5,"column":14},"end":{"line":5,"column":63}},"5":{"start":{"line":7,"column":2},"end":{"line":13,"column":3}},"6":{"start":{"line":8,"column":20},"end":{"line":8,"column":61}},"7":{"start":{"line":9,"column":4},"end":{"line":9,"column":23}},"8":{"start":{"line":10,"column":4},"end":{"line":10,"column":11}},"9":{"start":{"line":12,"column":4},"end":{"line":12,"column":51}},"10":{"start":{"line":16,"column":0},"end":{"line":16,"column":25}}},"fnMap":{"0":{"name":"(anonymous_0)","decl":{"start":{"line":3,"column":16},"end":{"line":3,"column":17}},"loc":{"start":{"line":3,"column":36},"end":{"line":14,"column":1}},"line":3}},"branchMap":{"0":{"loc":{"start":{"line":5,"column":2},"end":{"line":5,"column":63}},"type":"if","locations":[{"start":{"line":5,"column":2},"end":{"line":5,"column":63}},{"start":{},"end":{}}],"line":5}},"s":{"0":1,"1":1,"2":7,"3":7,"4":2,"5":5,"6":5,"7":5,"8":5,"9":0,"10":1},"f":{"0":7},"b":{"0":[2,5]},"_coverageSchema":"1a1c01bbd47fc00a2c39e90264f33305004495a9","hash":"7f930bc0af2f7b3be478b887ab03d7f964a24bf9"}
,"/Users/sauravkumar/Scooter And rental/bike-scooter-rental-system/backend/models/Booking.js": {"path":"/Users/sauravkumar/Scooter And rental/bike-scooter-rental-system/backend/models/Booking.js","statementMap":{"0":{"start":{"line":1,"column":17},"end":{"line":1,"column":36}},"1":{"start":{"line":3,"column":22},"end":{"line":13,"column":24}},"2":{"start":{"line":15,"column":0},"end":{"line":15,"column":58}}},"fnMap":{},"branchMap":{},"s":{"0":2,"1":2,"2":2},"f":{},"b":{},"_coverageSchema":"1a1c01bbd47fc00a2c39e90264f33305004495a9","hash":"1f46af11a5897624df4acb7550a961b778f87c6e"}
,"/Users/sauravkumar/Scooter And rental/bike-scooter-rental-system/backend/models/User.js": {"path":"/Users/sauravkumar/Scooter And rental/bike-scooter-rental-system/backend/models/User.js","statementMap":{"0":{"start":{"line":1,"column":17},"end":{"line":1,"column":36}},"1":{"start":{"line":2,"column":15},"end":{"line":2,"column":34}},"2":{"start":{"line":4,"column":19},"end":{"line":11,"column":24}},"3":{"start":{"line":13,"column":0},"end":{"line":17,"column":3}},"4":{"start":{"line":14,"column":2},"end":{"line":14,"column":50}},"5":{"start":{"line":14,"column":36},"end":{"line":14,"column":50}},"6":{"start":{"line":15,"column":2},"end":{"line":15,"column":55}},"7":{"start":{"line":16,"column":2},"end":{"line":16,"column":9}},"8":{"start":{"line":19,"column":0},"end":{"line":21,"column":2}},"9":{"start":{"line":20,"column":2},"end":{"line":20,"column":62}},"10":{"start":{"line":23,"column":0},"end":{"line":23,"column":52}}},"fnMap":{"0":{"name":"(anonymous_0)","decl":{"start":{"line":13,"column":23},"end":{"line":13,"column":24}},"loc":{"start":{"line":13,"column":44},"end":{"line":17,"column":1}},"line":13},"1":{"name":"(anonymous_1)","decl":{"start":{"line":19,"column":35},"end":{"line":19,"column":36}},"loc":{"start":{"line":19,"column":67},"end":{"line":21,"column":1}},"line":19}},"branchMap":{"0":{"loc":{"start":{"line":14,"column":2},"end":{"line":14,"column":50}},"type":"if","locations":[{"start":{"line":14,"column":2},"end":{"line":14,"column":50}},{"start":{},"end":{}}],"line":14}},"s":{"0":2,"1":2,"2":2,"3":2,"4":14,"5":0,"6":14,"7":14,"8":2,"9":4,"10":2},"f":{"0":14,"1":4},"b":{"0":[0,14]},"_coverageSchema":"1a1c01bbd47fc00a2c39e90264f33305004495a9","hash":"77da6b8cf28000aac3fe8c27f2148c6b64342a0e"}
,"/Users/sauravkumar/Scooter And rental/bike-scooter-rental-system/backend/models/Vehicle.js": {"path":"/Users/sauravkumar/Scooter And rental/bike-scooter-rental-system/backend/models/Vehicle.js","statementMap":{"0":{"start":{"line":1,"column":17},"end":{"line":1,"column":36}},"1":{"start":{"line":3,"column":22},"end":{"line":13,"column":24}},"2":{"start":{"line":15,"column":0},"end":{"line":15,"column":58}}},"fnMap":{},"branchMap":{},"s":{"0":2,"1":2,"2":2},"f":{},"b":{},"_coverageSchema":"1a1c01bbd47fc00a2c39e90264f33305004495a9","hash":"c145e42e30da9c94914ab68de3a51affd1cac7bb"}
,"/Users/sauravkumar/Scooter And rental/bike-scooter-rental-system/backend/routes/bookingRoutes.js": {"path":"/Users/sauravkumar/Scooter And rental/bike-scooter-rental-system/backend/routes/bookingRoutes.js","statementMap":{"0":{"start":{"line":1,"column":16},"end":{"line":1,"column":34}},"1":{"start":{"line":2,"column":58},"end":{"line":2,"column":101}},"2":{"start":{"line":3,"column":16},"end":{"line":3,"column":45}},"3":{"start":{"line":5,"column":15},"end":{"line":5,"column":31}},"4":{"start":{"line":7,"column":0},"end":{"line":7,"column":41}},"5":{"start":{"line":8,"column":0},"end":{"line":8,"column":50}},"6":{"start":{"line":9,"column":0},"end":{"line":9,"column":52}},"7":{"start":{"line":11,"column":0},"end":{"line":11,"column":24}}},"fnMap":{},"branchMap":{},"s":{"0":1,"1":1,"2":1,"3":1,"4":1,"5":1,"6":1,"7":1},"f":{},"b":{},"_coverageSchema":"1a1c01bbd47fc00a2c39e90264f33305004495a9","hash":"8435d4440785bdc7acb8196eace368c050c44288"}
,"/Users/sauravkumar/Scooter And rental/bike-scooter-rental-system/backend/routes/chatbotRoutes.js": {"path":"/Users/sauravkumar/Scooter And rental/bike-scooter-rental-system/backend/routes/chatbotRoutes.js","statementMap":{"0":{"start":{"line":1,"column":16},"end":{"line":1,"column":34}},"1":{"start":{"line":2,"column":23},"end":{"line":2,"column":66}},"2":{"start":{"line":4,"column":15},"end":{"line":4,"column":31}},"3":{"start":{"line":6,"column":0},"end":{"line":6,"column":29}},"4":{"start":{"line":8,"column":0},"end":{"line":8,"column":24}}},"fnMap":{},"branchMap":{},"s":{"0":1,"1":1,"2":1,"3":1,"4":1},"f":{},"b":{},"_coverageSchema":"1a1c01bbd47fc00a2c39e90264f33305004495a9","hash":"c18f873a7a1572c100ff71bbbc0e4b2041aeceee"}
,"/Users/sauravkumar/Scooter And rental/bike-scooter-rental-system/backend/routes/paymentRoutes.js": {"path":"/Users/sauravkumar/Scooter And rental/bike-scooter-rental-system/backend/routes/paymentRoutes.js","statementMap":{"0":{"start":{"line":1,"column":16},"end":{"line":1,"column":34}},"1":{"start":{"line":2,"column":39},"end":{"line":2,"column":82}},"2":{"start":{"line":3,"column":16},"end":{"line":3,"column":45}},"3":{"start":{"line":5,"column":15},"end":{"line":5,"column":31}},"4":{"start":{"line":7,"column":0},"end":{"line":7,"column":55}},"5":{"start":{"line":8,"column":0},"end":{"line":8,"column":58}},"6":{"start":{"line":10,"column":0},"end":{"line":10,"column":24}}},"fnMap":{},"branchMap":{},"s":{"0":1,"1":1,"2":1,"3":1,"4":1,"5":1,"6":1},"f":{},"b":{},"_coverageSchema":"1a1c01bbd47fc00a2c39e90264f33305004495a9","hash":"d96a8a2622f0673f3fa7c95866222fd0229e9611"}
,"/Users/sauravkumar/Scooter And rental/bike-scooter-rental-system/backend/routes/rideRoutes.js": {"path":"/Users/sauravkumar/Scooter And rental/bike-scooter-rental-system/backend/routes/rideRoutes.js","statementMap":{"0":{"start":{"line":1,"column":16},"end":{"line":1,"column":34}},"1":{"start":{"line":2,"column":31},"end":{"line":2,"column":71}},"2":{"start":{"line":3,"column":16},"end":{"line":3,"column":45}},"3":{"start":{"line":5,"column":15},"end":{"line":5,"column":31}},"4":{"start":{"line":7,"column":0},"end":{"line":7,"column":45}},"5":{"start":{"line":8,"column":0},"end":{"line":8,"column":41}},"6":{"start":{"line":10,"column":0},"end":{"line":10,"column":24}}},"fnMap":{},"branchMap":{},"s":{"0":1,"1":1,"2":1,"3":1,"4":1,"5":1,"6":1},"f":{},"b":{},"_coverageSchema":"1a1c01bbd47fc00a2c39e90264f33305004495a9","hash":"79dea720c056c638d012ed1a2bb65e8badaea338"}
,"/Users/sauravkumar/Scooter And rental/bike-scooter-rental-system/backend/routes/userRoutes.js": {"path":"/Users/sauravkumar/Scooter And rental/bike-scooter-rental-system/backend/routes/userRoutes.js","statementMap":{"0":{"start":{"line":1,"column":16},"end":{"line":1,"column":34}},"1":{"start":{"line":2,"column":48},"end":{"line":2,"column":88}},"2":{"start":{"line":3,"column":16},"end":{"line":3,"column":45}},"3":{"start":{"line":5,"column":15},"end":{"line":5,"column":31}},"4":{"start":{"line":7,"column":0},"end":{"line":7,"column":39}},"5":{"start":{"line":8,"column":0},"end":{"line":8,"column":33}},"6":{"start":{"line":9,"column":0},"end":{"line":9,"column":44}},"7":{"start":{"line":11,"column":0},"end":{"line":11,"column":24}}},"fnMap":{},"branchMap":{},"s":{"0":1,"1":1,"2":1,"3":1,"4":1,"5":1,"6":1,"7":1},"f":{},"b":{},"_coverageSchema":"1a1c01bbd47fc00a2c39e90264f33305004495a9","hash":"e75238cc306f316f1ba594938b6f78e58f09b079"}
,"/Users/sauravkumar/Scooter And rental/bike-scooter-rental-system/backend/routes/vehicleRoutes.js": {"path":"/Users/sauravkumar/Scooter And rental/bike-scooter-rental-system/backend/routes/vehicleRoutes.js","statementMap":{"0":{"start":{"line":1,"column":16},"end":{"line":1,"column":34}},"1":{"start":{"line":2,"column":57},"end":{"line":2,"column":100}},"2":{"start":{"line":4,"column":15},"end":{"line":4,"column":31}},"3":{"start":{"line":6,"column":0},"end":{"line":6,"column":29}},"4":{"start":{"line":7,"column":0},"end":{"line":7,"column":29}},"5":{"start":{"line":8,"column":0},"end":{"line":8,"column":40}},"6":{"start":{"line":10,"column":0},"end":{"line":10,"column":24}}},"fnMap":{},"branchMap":{},"s":{"0":1,"1":1,"2":1,"3":1,"4":1,"5":1,"6":1},"f":{},"b":{},"_coverageSchema":"1a1c01bbd47fc00a2c39e90264f33305004495a9","hash":"37a60afd6e5b014ccff97e550698eeed5df318d5"}
,"/Users/sauravkumar/Scooter And rental/bike-scooter-rental-system/backend/tests/setup.js": {"path":"/Users/sauravkumar/Scooter And rental/bike-scooter-rental-system/backend/tests/setup.js","statementMap":{"0":{"start":{"line":1,"column":17},"end":{"line":1,"column":36}},"1":{"start":{"line":2,"column":30},"end":{"line":2,"column":62}},"2":{"start":{"line":7,"column":16},"end":{"line":11,"column":1}},"3":{"start":{"line":8,"column":4},"end":{"line":8,"column":51}},"4":{"start":{"line":9,"column":16},"end":{"line":9,"column":36}},"5":{"start":{"line":10,"column":4},"end":{"line":10,"column":32}},"6":{"start":{"line":14,"column":22},"end":{"line":19,"column":1}},"7":{"start":{"line":15,"column":24},"end":{"line":15,"column":55}},"8":{"start":{"line":16,"column":4},"end":{"line":18,"column":5}},"9":{"start":{"line":17,"column":8},"end":{"line":17,"column":46}},"10":{"start":{"line":22,"column":22},"end":{"line":26,"column":1}},"11":{"start":{"line":23,"column":4},"end":{"line":23,"column":45}},"12":{"start":{"line":24,"column":4},"end":{"line":24,"column":38}},"13":{"start":{"line":25,"column":4},"end":{"line":25,"column":29}},"14":{"start":{"line":28,"column":0},"end":{"line":28,"column":59}}},"fnMap":{"0":{"name":"(anonymous_0)","decl":{"start":{"line":7,"column":16},"end":{"line":7,"column":17}},"loc":{"start":{"line":7,"column":28},"end":{"line":11,"column":1}},"line":7},"1":{"name":"(anonymous_1)","decl":{"start":{"line":14,"column":22},"end":{"line":14,"column":23}},"loc":{"start":{"line":14,"column":34},"end":{"line":19,"column":1}},"line":14},"2":{"name":"(anonymous_2)","decl":{"start":{"line":22,"column":22},"end":{"line":22,"column":23}},"loc":{"start":{"line":22,"column":34},"end":{"line":26,"column":1}},"line":22}},"branchMap":{},"s":{"0":2,"1":2,"2":2,"3":2,"4":2,"5":2,"6":2,"7":39,"8":39,"9":117,"10":2,"11":2,"12":2,"13":2,"14":2},"f":{"0":2,"1":39,"2":2},"b":{},"_coverageSchema":"1a1c01bbd47fc00a2c39e90264f33305004495a9","hash":"001891b66c3a06c116fc64ccee94a7307be2d193"}
,"/Users/sauravkumar/Scooter And rental/bike-scooter-rental-system/backend/utils/errorHandler.js": {"path":"/Users/sauravkumar/Scooter And rental/bike-scooter-rental-system/backend/utils/errorHandler.js","statementMap":{"0":{"start":{"line":4,"column":4},"end":{"line":4,"column":19}},"1":{"start":{"line":5,"column":4},"end":{"line":5,"column":33}},"2":{"start":{"line":6,"column":4},"end":{"line":6,"column":69}},"3":{"start":{"line":7,"column":4},"end":{"line":7,"column":30}},"4":{"start":{"line":8,"column":4},"end":{"line":8,"column":52}},"5":{"start":{"line":13,"column":21},"end":{"line":39,"column":1}},"6":{"start":{"line":14,"column":2},"end":{"line":14,"column":41}},"7":{"start":{"line":15,"column":2},"end":{"line":15,"column":37}},"8":{"start":{"line":17,"column":2},"end":{"line":38,"column":3}},"9":{"start":{"line":18,"column":4},"end":{"line":23,"column":7}},"10":{"start":{"line":26,"column":4},"end":{"line":37,"column":5}},"11":{"start":{"line":27,"column":6},"end":{"line":30,"column":9}},"12":{"start":{"line":32,"column":6},"end":{"line":32,"column":37}},"13":{"start":{"line":33,"column":6},"end":{"line":36,"column":9}},"14":{"start":{"line":41,"column":0},"end":{"line":41,"column":44}}},"fnMap":{"0":{"name":"(anonymous_0)","decl":{"start":{"line":3,"column":2},"end":{"line":3,"column":3}},"loc":{"start":{"line":3,"column":35},"end":{"line":9,"column":3}},"line":3},"1":{"name":"(anonymous_1)","decl":{"start":{"line":13,"column":21},"end":{"line":13,"column":22}},"loc":{"start":{"line":13,"column":46},"end":{"line":39,"column":1}},"line":13}},"branchMap":{"0":{"loc":{"start":{"line":6,"column":18},"end":{"line":6,"column":68}},"type":"cond-expr","locations":[{"start":{"line":6,"column":52},"end":{"line":6,"column":58}},{"start":{"line":6,"column":61},"end":{"line":6,"column":68}}],"line":6},"1":{"loc":{"start":{"line":14,"column":19},"end":{"line":14,"column":40}},"type":"binary-expr","locations":[{"start":{"line":14,"column":19},"end":{"line":14,"column":33}},{"start":{"line":14,"column":37},"end":{"line":14,"column":40}}],"line":14},"2":{"loc":{"start":{"line":15,"column":15},"end":{"line":15,"column":36}},"type":"binary-expr","locations":[{"start":{"line":15,"column":15},"end":{"line":15,"column":25}},{"start":{"line":15,"column":29},"end":{"line":15,"column":36}}],"line":15},"3":{"loc":{"start":{"line":17,"column":2},"end":{"line":38,"column":3}},"type":"if","locations":[{"start":{"line":17,"column":2},"end":{"line":38,"column":3}},{"start":{"line":24,"column":9},"end":{"line":38,"column":3}}],"line":17},"4":{"loc":{"start":{"line":26,"column":4},"end":{"line":37,"column":5}},"type":"if","locations":[{"start":{"line":26,"column":4},"end":{"line":37,"column":5}},{"start":{"line":31,"column":11},"end":{"line":37,"column":5}}],"line":26}},"s":{"0":0,"1":0,"2":0,"3":0,"4":0,"5":1,"6":0,"7":0,"8":0,"9":0,"10":0,"11":0,"12":0,"13":0,"14":1},"f":{"0":0,"1":0},"b":{"0":[0,0],"1":[0,0],"2":[0,0],"3":[0,0],"4":[0,0]},"_coverageSchema":"1a1c01bbd47fc00a2c39e90264f33305004495a9","hash":"8aebe4f0c67b7683bda372968be43d12bd4ba1d8"}
}
